<?xml version="1.0" encoding="UTF-8"?>
<testng-results skipped="0" failed="0" ignored="0" total="1" passed="1">
  <reporter-output>
  </reporter-output>
  <suite name="Suite" duration-ms="14223" started-at="2019-10-24T01:30:03Z" finished-at="2019-10-24T01:30:17Z">
    <groups>
      <group name="regression">
        <method signature="TC_001.amazon()[pri:0, instance:com.selenium.SampleMavenProject.TC_001@544fe44c]" name="amazon" class="com.selenium.SampleMavenProject.TC_001"/>
      </group> <!-- regression -->
      <group name="sanity">
        <method signature="TC_001.amazon()[pri:0, instance:com.selenium.SampleMavenProject.TC_001@544fe44c]" name="amazon" class="com.selenium.SampleMavenProject.TC_001"/>
      </group> <!-- sanity -->
    </groups>
    <test name="Test" duration-ms="14223" started-at="2019-10-24T01:30:03Z" finished-at="2019-10-24T01:30:17Z">
      <class name="com.selenium.SampleMavenProject.TC_001">
        <test-method status="PASS" signature="startProcess(java.lang.String)[pri:0, instance:com.selenium.SampleMavenProject.TC_001@544fe44c]" name="startProcess" is-config="true" duration-ms="8984" started-at="2019-10-24T07:00:03Z" finished-at="2019-10-24T07:00:12Z">
          <params>
            <param index="0">
              <value>
                <![CDATA[chrome]]>
              </value>
            </param>
          </params>
          <reporter-output>
          </reporter-output>
        </test-method> <!-- startProcess -->
        <test-method status="PASS" signature="amazon()[pri:0, instance:com.selenium.SampleMavenProject.TC_001@544fe44c]" name="amazon" duration-ms="3813" started-at="2019-10-24T07:00:12Z" finished-at="2019-10-24T07:00:16Z">
          <reporter-output>
          </reporter-output>
        </test-method> <!-- amazon -->
        <test-method status="PASS" signature="endProcess()[pri:0, instance:com.selenium.SampleMavenProject.TC_001@544fe44c]" name="endProcess" is-config="true" duration-ms="1393" started-at="2019-10-24T07:00:16Z" finished-at="2019-10-24T07:00:17Z">
          <reporter-output>
          </reporter-output>
        </test-method> <!-- endProcess -->
      </class> <!-- com.selenium.SampleMavenProject.TC_001 -->
    </test> <!-- Test -->
  </suite> <!-- Suite -->
</testng-results>
