<?xml version="1.0" encoding="UTF-8"?>
<testng-results skipped="0" failed="0" ignored="0" total="1" passed="1">
  <reporter-output>
  </reporter-output>
  <suite name="Suite" duration-ms="16631" started-at="2019-10-24T01:06:50Z" finished-at="2019-10-24T01:07:06Z">
    <groups>
      <group name="regression">
        <method signature="TC_001.amazon()[pri:0, instance:com.selenium.SampleMavenProject.TC_001@467aecef]" name="amazon" class="com.selenium.SampleMavenProject.TC_001"/>
      </group> <!-- regression -->
      <group name="sanity">
        <method signature="TC_001.amazon()[pri:0, instance:com.selenium.SampleMavenProject.TC_001@467aecef]" name="amazon" class="com.selenium.SampleMavenProject.TC_001"/>
      </group> <!-- sanity -->
    </groups>
    <test name="Test" duration-ms="16631" started-at="2019-10-24T01:06:50Z" finished-at="2019-10-24T01:07:06Z">
      <class name="com.selenium.SampleMavenProject.TC_001">
        <test-method status="PASS" signature="startProcess(java.lang.String)[pri:0, instance:com.selenium.SampleMavenProject.TC_001@467aecef]" name="startProcess" is-config="true" duration-ms="9632" started-at="2019-10-24T06:36:50Z" finished-at="2019-10-24T06:36:59Z">
          <params>
            <param index="0">
              <value>
                <![CDATA[chrome]]>
              </value>
            </param>
          </params>
          <reporter-output>
          </reporter-output>
        </test-method> <!-- startProcess -->
        <test-method status="PASS" signature="amazon()[pri:0, instance:com.selenium.SampleMavenProject.TC_001@467aecef]" name="amazon" duration-ms="5072" started-at="2019-10-24T06:36:59Z" finished-at="2019-10-24T06:37:04Z">
          <reporter-output>
          </reporter-output>
        </test-method> <!-- amazon -->
        <test-method status="PASS" signature="endProcess()[pri:0, instance:com.selenium.SampleMavenProject.TC_001@467aecef]" name="endProcess" is-config="true" duration-ms="1888" started-at="2019-10-24T06:37:04Z" finished-at="2019-10-24T06:37:06Z">
          <reporter-output>
          </reporter-output>
        </test-method> <!-- endProcess -->
      </class> <!-- com.selenium.SampleMavenProject.TC_001 -->
    </test> <!-- Test -->
  </suite> <!-- Suite -->
</testng-results>
