<?xml version="1.0" encoding="UTF-8"?>
<!-- Generated by org.testng.reporters.JUnitReportReporter -->
<testsuite skipped="2" hostname="DESKTOP-AA4AD8I" name="excelApis.TC_004" tests="3" failures="0" timestamp="15 Oct 2019 23:46:50 GMT" time="0.360" errors="0">
  <testcase name="f" time="0.017" classname="excelApis.TC_004">
    <skipped/>
  </testcase> <!-- f -->
  <testcase name="f" time="0.341" classname="excelApis.TC_004"/>
  <testcase name="f" time="0.002" classname="excelApis.TC_004">
    <skipped/>
  </testcase> <!-- f -->
</testsuite> <!-- excelApis.TC_004 -->
